<?xml version="1.0" encoding="UTF-8"?>
<testsuite name="top.baoding.snowflake.core.SnowflakeIdGeneratorTest" tests="12" skipped="0" failures="0" errors="0" timestamp="2026-05-10T14:35:48.983Z" hostname="baoding01" time="0.235">
  <properties/>
  <testcase name="testGetWorkstationId()" classname="top.baoding.snowflake.core.SnowflakeIdGeneratorTest" time="0.001"/>
  <testcase name="testIdBinaryRepresentation()" classname="top.baoding.snowflake.core.SnowflakeIdGeneratorTest" time="0.001"/>
  <testcase name="testInvalidWorkstationId()" classname="top.baoding.snowflake.core.SnowflakeIdGeneratorTest" time="0.003"/>
  <testcase name="testIdIncrementingInSameWindow()" classname="top.baoding.snowflake.core.SnowflakeIdGeneratorTest" time="0.001"/>
  <testcase name="testIdStructure()" classname="top.baoding.snowflake.core.SnowflakeIdGeneratorTest" time="0.001"/>
  <testcase name="testInvalidDatacenterId()" classname="top.baoding.snowflake.core.SnowflakeIdGeneratorTest" time="0.002"/>
  <testcase name="testUniqueIds()" classname="top.baoding.snowflake.core.SnowflakeIdGeneratorTest" time="0.013"/>
  <testcase name="testHighThroughput()" classname="top.baoding.snowflake.core.SnowflakeIdGeneratorTest" time="0.194"/>
  <testcase name="testNextId()" classname="top.baoding.snowflake.core.SnowflakeIdGeneratorTest" time="0.001"/>
  <testcase name="testDifferentWorkerIdsCanCoexist()" classname="top.baoding.snowflake.core.SnowflakeIdGeneratorTest" time="0.001"/>
  <testcase name="testConcurrentAccess()" classname="top.baoding.snowflake.core.SnowflakeIdGeneratorTest" time="0.013"/>
  <testcase name="testGetDataCenterId()" classname="top.baoding.snowflake.core.SnowflakeIdGeneratorTest" time="0.0"/>
  <system-out><![CDATA[[Snowflake] 已在Spring容器中成功注册数据中心ID为0和工作站ID为0的雪花算法ID生成器...
[Snowflake] 已在Spring容器中成功注册数据中心ID为0和工作站ID为0的雪花算法ID生成器...
[Snowflake] 已在Spring容器中成功注册数据中心ID为0和工作站ID为0的雪花算法ID生成器...
[Snowflake] 已在Spring容器中成功注册数据中心ID为0和工作站ID为0的雪花算法ID生成器...
[Snowflake] 已在Spring容器中成功注册数据中心ID为0和工作站ID为0的雪花算法ID生成器...
[Snowflake] 已在Spring容器中成功注册数据中心ID为0和工作站ID为0的雪花算法ID生成器...
[Snowflake] 已在Spring容器中成功注册数据中心ID为0和工作站ID为0的雪花算法ID生成器...
[Snowflake] 雪花算法ID生成器碰到热点Key，8毫秒内ID序列号耗尽，正等待下一8毫秒到来...
[Snowflake] 雪花算法ID生成器碰到热点Key，8毫秒内ID序列号耗尽，正等待下一8毫秒到来...
[Snowflake] 已在Spring容器中成功注册数据中心ID为0和工作站ID为0的雪花算法ID生成器...
[Snowflake] 雪花算法ID生成器碰到热点Key，8毫秒内ID序列号耗尽，正等待下一8毫秒到来...
[Snowflake] 雪花算法ID生成器碰到热点Key，8毫秒内ID序列号耗尽，正等待下一8毫秒到来...
[Snowflake] 雪花算法ID生成器碰到热点Key，8毫秒内ID序列号耗尽，正等待下一8毫秒到来...
[Snowflake] 雪花算法ID生成器碰到热点Key，8毫秒内ID序列号耗尽，正等待下一8毫秒到来...
[Snowflake] 雪花算法ID生成器碰到热点Key，8毫秒内ID序列号耗尽，正等待下一8毫秒到来...
[Snowflake] 雪花算法ID生成器碰到热点Key，8毫秒内ID序列号耗尽，正等待下一8毫秒到来...
[Snowflake] 雪花算法ID生成器碰到热点Key，8毫秒内ID序列号耗尽，正等待下一8毫秒到来...
[Snowflake] 雪花算法ID生成器碰到热点Key，8毫秒内ID序列号耗尽，正等待下一8毫秒到来...
[Snowflake] 雪花算法ID生成器碰到热点Key，8毫秒内ID序列号耗尽，正等待下一8毫秒到来...
[Snowflake] 雪花算法ID生成器碰到热点Key，8毫秒内ID序列号耗尽，正等待下一8毫秒到来...
[Snowflake] 雪花算法ID生成器碰到热点Key，8毫秒内ID序列号耗尽，正等待下一8毫秒到来...
[Snowflake] 雪花算法ID生成器碰到热点Key，8毫秒内ID序列号耗尽，正等待下一8毫秒到来...
[Snowflake] 雪花算法ID生成器碰到热点Key，8毫秒内ID序列号耗尽，正等待下一8毫秒到来...
[Snowflake] 雪花算法ID生成器碰到热点Key，8毫秒内ID序列号耗尽，正等待下一8毫秒到来...
[Snowflake] 雪花算法ID生成器碰到热点Key，8毫秒内ID序列号耗尽，正等待下一8毫秒到来...
[Snowflake] 雪花算法ID生成器碰到热点Key，8毫秒内ID序列号耗尽，正等待下一8毫秒到来...
[Snowflake] 雪花算法ID生成器碰到热点Key，8毫秒内ID序列号耗尽，正等待下一8毫秒到来...
[Snowflake] 雪花算法ID生成器碰到热点Key，8毫秒内ID序列号耗尽，正等待下一8毫秒到来...
[Snowflake] 雪花算法ID生成器碰到热点Key，8毫秒内ID序列号耗尽，正等待下一8毫秒到来...
[Snowflake] 雪花算法ID生成器碰到热点Key，8毫秒内ID序列号耗尽，正等待下一8毫秒到来...
[Snowflake] 雪花算法ID生成器碰到热点Key，8毫秒内ID序列号耗尽，正等待下一8毫秒到来...
[Snowflake] 雪花算法ID生成器碰到热点Key，8毫秒内ID序列号耗尽，正等待下一8毫秒到来...
[Snowflake] 雪花算法ID生成器碰到热点Key，8毫秒内ID序列号耗尽，正等待下一8毫秒到来...
[Snowflake] 雪花算法ID生成器碰到热点Key，8毫秒内ID序列号耗尽，正等待下一8毫秒到来...
生成100000个ID耗时：190ms
[Snowflake] 已在Spring容器中成功注册数据中心ID为0和工作站ID为0的雪花算法ID生成器...
[Snowflake] 已在Spring容器中成功注册数据中心ID为0和工作站ID为0的雪花算法ID生成器...
[Snowflake] 已在Spring容器中成功注册数据中心ID为0和工作站ID为1的雪花算法ID生成器...
[Snowflake] 已在Spring容器中成功注册数据中心ID为0和工作站ID为2的雪花算法ID生成器...
[Snowflake] 已在Spring容器中成功注册数据中心ID为0和工作站ID为0的雪花算法ID生成器...
[Snowflake] 雪花算法ID生成器碰到热点Key，8毫秒内ID序列号耗尽，正等待下一8毫秒到来...
[Snowflake] 已在Spring容器中成功注册数据中心ID为0和工作站ID为0的雪花算法ID生成器...
]]></system-out>
  <system-err><![CDATA[]]></system-err>
</testsuite>
