<?xml version="1.0" encoding="UTF-8"?>
<testsuite name="top.baoding.snowflake.config.SnowflakePropertiesTest" tests="5" skipped="0" failures="0" errors="0" timestamp="2026-05-10T14:35:48.966Z" hostname="baoding01" time="0.005">
  <properties/>
  <testcase name="testDefaultValues()" classname="top.baoding.snowflake.config.SnowflakePropertiesTest" time="0.0"/>
  <testcase name="testScopeConfiguration()" classname="top.baoding.snowflake.config.SnowflakePropertiesTest" time="0.0"/>
  <testcase name="testValidWorkstationIdValues()" classname="top.baoding.snowflake.config.SnowflakePropertiesTest" time="0.0"/>
  <testcase name="testSetterGetter()" classname="top.baoding.snowflake.config.SnowflakePropertiesTest" time="0.0"/>
  <testcase name="testValidDatacenterIdValues()" classname="top.baoding.snowflake.config.SnowflakePropertiesTest" time="0.001"/>
  <system-out><![CDATA[]]></system-out>
  <system-err><![CDATA[]]></system-err>
</testsuite>
