<?xml version="1.0" encoding="UTF-8"?>
<testsuite name="top.baoding.snowflake.util.HexIdUtilsTest" tests="8" skipped="0" failures="0" errors="0" timestamp="2026-05-10T14:35:48.957Z" hostname="baoding01" time="0.008">
  <properties/>
  <testcase name="testToBinary()" classname="top.baoding.snowflake.util.HexIdUtilsTest" time="0.002"/>
  <testcase name="testToHex()" classname="top.baoding.snowflake.util.HexIdUtilsTest" time="0.001"/>
  <testcase name="testFromHex()" classname="top.baoding.snowflake.util.HexIdUtilsTest" time="0.001"/>
  <testcase name="testToReadableString()" classname="top.baoding.snowflake.util.HexIdUtilsTest" time="0.001"/>
  <testcase name="testBinaryConversion()" classname="top.baoding.snowflake.util.HexIdUtilsTest" time="0.0"/>
  <testcase name="testRoundTrip()" classname="top.baoding.snowflake.util.HexIdUtilsTest" time="0.0"/>
  <testcase name="testHexConversionBidirectional()" classname="top.baoding.snowflake.util.HexIdUtilsTest" time="0.0"/>
  <testcase name="testToReadableStringContainsAllParts()" classname="top.baoding.snowflake.util.HexIdUtilsTest" time="0.0"/>
  <system-out><![CDATA[]]></system-out>
  <system-err><![CDATA[]]></system-err>
</testsuite>
