<?xml version="1.0" encoding="UTF-8"?>
<testsuite name="top.baoding.snowflake.core.SnowflakeIdGeneratorBoundaryTest" tests="6" skipped="0" failures="0" errors="0" timestamp="2026-05-10T14:35:48.972Z" hostname="baoding01" time="0.009">
  <properties/>
  <testcase name="testMaxDatacenterId()" classname="top.baoding.snowflake.core.SnowflakeIdGeneratorBoundaryTest" time="0.001"/>
  <testcase name="testZeroDatacenterId()" classname="top.baoding.snowflake.core.SnowflakeIdGeneratorBoundaryTest" time="0.001"/>
  <testcase name="testMultipleInstancesWithDifferentDatacenter()" classname="top.baoding.snowflake.core.SnowflakeIdGeneratorBoundaryTest" time="0.001"/>
  <testcase name="testMaxWorkstationId()" classname="top.baoding.snowflake.core.SnowflakeIdGeneratorBoundaryTest" time="0.001"/>
  <testcase name="testZeroWorkstationId()" classname="top.baoding.snowflake.core.SnowflakeIdGeneratorBoundaryTest" time="0.001"/>
  <testcase name="testSequenceMask()" classname="top.baoding.snowflake.core.SnowflakeIdGeneratorBoundaryTest" time="0.001"/>
  <system-out><![CDATA[[Snowflake] 已在Spring容器中成功注册数据中心ID为7和工作站ID为0的雪花算法ID生成器...
[Snowflake] 已在Spring容器中成功注册数据中心ID为0和工作站ID为0的雪花算法ID生成器...
[Snowflake] 已在Spring容器中成功注册数据中心ID为0和工作站ID为0的雪花算法ID生成器...
[Snowflake] 已在Spring容器中成功注册数据中心ID为1和工作站ID为0的雪花算法ID生成器...
[Snowflake] 已在Spring容器中成功注册数据中心ID为0和工作站ID为1023的雪花算法ID生成器...
[Snowflake] 已在Spring容器中成功注册数据中心ID为0和工作站ID为0的雪花算法ID生成器...
[Snowflake] 已在Spring容器中成功注册数据中心ID为0和工作站ID为0的雪花算法ID生成器...
]]></system-out>
  <system-err><![CDATA[]]></system-err>
</testsuite>
